<?xml version="1.0" encoding="UTF-8"?>
<Site BuildName="Linux-c++"
	BuildStamp="20231225-2033-Experimental"
	Name="joshuaw-manjaro"
	Generator="ctest-3.28.0"
	CompilerName="/usr/bin/c++"
	CompilerVersion="13.2.1"
	OSName="Linux"
	Hostname="joshuaw-manjaro"
	OSRelease="5.10.204-1-MANJARO"
	OSVersion="#1 SMP PREEMPT Wed Dec 13 23:32:24 UTC 2023"
	OSPlatform="x86_64"
	Is64Bits="1"
	VendorString="GenuineIntel"
	VendorID="Intel Corporation"
	FamilyID="6"
	ModelID="151"
	ProcessorCacheSize="30720"
	NumberOfLogicalCPU="24"
	NumberOfPhysicalCPU="16"
	TotalVirtualMemory="35174"
	TotalPhysicalMemory="31892"
	LogicalProcessorsPerPhysical="1"
	ProcessorClockFrequency="4900"
	>
	<Testing>
		<StartDateTime>Dec 25 14:34 PST</StartDateTime>
		<StartTestTime>1703543671</StartTestTime>
		<TestList/>
		<EndDateTime>Dec 25 14:34 PST</EndDateTime>
		<EndTestTime>1703543671</EndTestTime>
		<ElapsedMinutes>0</ElapsedMinutes>
	</Testing>
</Site>
